============================================================
FERMENTATION GAS INTELLIGENCE SYSTEM
============================================================
Loading data from gas_sensors_full_scale_dataset.csv...
Loaded 5000 rows and 47 columns

=== Running Preprocessing Pipeline ===

Preprocessing Reports:
  - MissingHandler: Completed
  - OutlierHandler: Completed
  - Resampler: Completed
  - Normalizer: Completed
  - Aligner: Completed

=== Running Data Validation ===
Validation Status: FAILED
Errors:
  - 497 values below minimum 0
  - 1000 values below minimum 50
Warning: Data validation failed, but continuing...

=== Running Advanced Analytics ===
Computed metrics for 4 batches
Computed rolling statistics
Computed correlation matrix: (3, 3)

=== Running Feature Engineering ===
Created 46 new features

=== Training Phase Prediction Model ===
Traceback (most recent call last):
  File "/Users/khetpal_jyo/Documents/c5i.a-Mlops-test/main.py", line 261, in <module>
    main()
  File "/Users/khetpal_jyo/Documents/c5i.a-Mlops-test/main.py", line 243, in main
    predictor, training_data = train_model(feature_data)
                               ^^^^^^^^^^^^^^^^^^^^^^^^^
  File "/Users/khetpal_jyo/Documents/c5i.a-Mlops-test/main.py", line 161, in train_model
    results = predictor.train(X, y, test_size=0.2)
              ^^^^^^^^^^^^^^^^^^^^^^^^^^^^^^^^^^^^
  File "/Users/khetpal_jyo/Documents/c5i.a-Mlops-test/src/models/phase_predictor.py", line 53, in train
    X_train, X_test, y_train, y_test = train_test_split(
                                       ^^^^^^^^^^^^^^^^^
  File "/opt/anaconda3/lib/python3.12/site-packages/sklearn/utils/_param_validation.py", line 213, in wrapper
    return func(*args, **kwargs)
           ^^^^^^^^^^^^^^^^^^^^^
  File "/opt/anaconda3/lib/python3.12/site-packages/sklearn/model_selection/_split.py", line 2681, in train_test_split
    train, test = next(cv.split(X=arrays[0], y=stratify))
                  ^^^^^^^^^^^^^^^^^^^^^^^^^^^^^^^^^^^^^^^
  File "/opt/anaconda3/lib/python3.12/site-packages/sklearn/model_selection/_split.py", line 1749, in split
    for train, test in self._iter_indices(X, y, groups):
  File "/opt/anaconda3/lib/python3.12/site-packages/sklearn/model_selection/_split.py", line 2150, in _iter_indices
    raise ValueError(
ValueError: The least populated class in y has only 1 member, which is too few. The minimum number of groups for any class cannot be less than 2.
